<?xml version="1.0" encoding="UTF-8"?>
<coverage generated="1592671641814" clover="3.2.0">
  <project timestamp="1592671641814" name="All files">
    <metrics statements="20" coveredstatements="1" conditionals="12" coveredconditionals="0" methods="2" coveredmethods="0" elements="34" coveredelements="1" complexity="0" loc="20" ncloc="20" packages="1" files="1" classes="1"/>
    <file name="cipher.js" path="C:\Users\Natalia\Desktop\Laboratoria\SCL014-cipher\src\cipher.js">
      <metrics statements="20" coveredstatements="1" conditionals="12" coveredconditionals="0" methods="2" coveredmethods="0"/>
      <line num="1" count="1" type="stmt"/>
      <line num="3" count="0" type="stmt"/>
      <line num="4" count="0" type="stmt"/>
      <line num="5" count="0" type="stmt"/>
      <line num="6" count="0" type="stmt"/>
      <line num="7" count="0" type="cond" truecount="0" falsecount="4"/>
      <line num="8" count="0" type="stmt"/>
      <line num="10" count="0" type="stmt"/>
      <line num="13" count="0" type="stmt"/>
      <line num="16" count="0" type="stmt"/>
      <line num="17" count="0" type="stmt"/>
      <line num="18" count="0" type="stmt"/>
      <line num="19" count="0" type="stmt"/>
      <line num="20" count="0" type="stmt"/>
      <line num="21" count="0" type="cond" truecount="0" falsecount="4"/>
      <line num="22" count="0" type="stmt"/>
      <line num="23" count="0" type="cond" truecount="0" falsecount="4"/>
      <line num="24" count="0" type="stmt"/>
      <line num="26" count="0" type="stmt"/>
      <line num="29" count="0" type="stmt"/>
    </file>
  </project>
</coverage>
