<?xml version="1.0" encoding="UTF-8"?>
<coverage generated="1592853613708" clover="3.2.0">
  <project timestamp="1592853613708" name="All files">
    <metrics statements="19" coveredstatements="17" conditionals="12" coveredconditionals="10" methods="2" coveredmethods="2" elements="33" coveredelements="29" complexity="0" loc="19" ncloc="19" packages="1" files="1" classes="1"/>
    <file name="cipher.js" path="/Users/jorge/Desktop/SCL014-cipher/src/cipher.js">
      <metrics statements="19" coveredstatements="17" conditionals="12" coveredconditionals="10" methods="2" coveredmethods="2"/>
      <line num="1" count="1" type="stmt"/>
      <line num="3" count="1" type="stmt"/>
      <line num="4" count="1" type="stmt"/>
      <line num="5" count="1" type="stmt"/>
      <line num="6" count="26" type="stmt"/>
      <line num="7" count="26" type="cond" truecount="3" falsecount="1"/>
      <line num="8" count="26" type="stmt"/>
      <line num="10" count="0" type="stmt"/>
      <line num="13" count="1" type="stmt"/>
      <line num="16" count="1" type="stmt"/>
      <line num="17" count="1" type="stmt"/>
      <line num="18" count="1" type="stmt"/>
      <line num="19" count="26" type="stmt"/>
      <line num="20" count="26" type="cond" truecount="4" falsecount="0"/>
      <line num="21" count="19" type="stmt"/>
      <line num="22" count="7" type="cond" truecount="3" falsecount="1"/>
      <line num="23" count="7" type="stmt"/>
      <line num="25" count="0" type="stmt"/>
      <line num="28" count="1" type="stmt"/>
    </file>
  </project>
</coverage>
