{"/Users/jorge/Desktop/SCL014-cipher/src/cipher.js": {"path":"/Users/jorge/Desktop/SCL014-cipher/src/cipher.js","statementMap":{"0":{"start":{"line":1,"column":15},"end":{"line":30,"column":1}},"1":{"start":{"line":3,"column":21},"end":{"line":3,"column":23}},"2":{"start":{"line":4,"column":4},"end":{"line":4,"column":34}},"3":{"start":{"line":5,"column":4},"end":{"line":12,"column":5}},"4":{"start":{"line":5,"column":17},"end":{"line":5,"column":18}},"5":{"start":{"line":6,"column":26},"end":{"line":6,"column":46}},"6":{"start":{"line":7,"column":6},"end":{"line":11,"column":7}},"7":{"start":{"line":8,"column":8},"end":{"line":8,"column":95}},"8":{"start":{"line":10,"column":8},"end":{"line":10,"column":32}},"9":{"start":{"line":13,"column":4},"end":{"line":13,"column":22}},"10":{"start":{"line":16,"column":21},"end":{"line":16,"column":23}},"11":{"start":{"line":17,"column":4},"end":{"line":17,"column":34}},"12":{"start":{"line":18,"column":4},"end":{"line":27,"column":5}},"13":{"start":{"line":18,"column":17},"end":{"line":18,"column":18}},"14":{"start":{"line":19,"column":26},"end":{"line":19,"column":46}},"15":{"start":{"line":20,"column":6},"end":{"line":26,"column":7}},"16":{"start":{"line":21,"column":8},"end":{"line":21,"column":100}},"17":{"start":{"line":22,"column":13},"end":{"line":26,"column":7}},"18":{"start":{"line":23,"column":8},"end":{"line":23,"column":100}},"19":{"start":{"line":25,"column":8},"end":{"line":25,"column":32}},"20":{"start":{"line":28,"column":4},"end":{"line":28,"column":22}}},"fnMap":{"0":{"name":"(anonymous_0)","decl":{"start":{"line":2,"column":10},"end":{"line":2,"column":11}},"loc":{"start":{"line":2,"column":30},"end":{"line":14,"column":3}},"line":2},"1":{"name":"(anonymous_1)","decl":{"start":{"line":15,"column":10},"end":{"line":15,"column":11}},"loc":{"start":{"line":15,"column":30},"end":{"line":29,"column":3}},"line":15}},"branchMap":{"0":{"loc":{"start":{"line":7,"column":6},"end":{"line":11,"column":7}},"type":"if","locations":[{"start":{"line":7,"column":6},"end":{"line":11,"column":7}},{"start":{"line":7,"column":6},"end":{"line":11,"column":7}}],"line":7},"1":{"loc":{"start":{"line":7,"column":10},"end":{"line":7,"column":52}},"type":"binary-expr","locations":[{"start":{"line":7,"column":10},"end":{"line":7,"column":29}},{"start":{"line":7,"column":33},"end":{"line":7,"column":52}}],"line":7},"2":{"loc":{"start":{"line":20,"column":6},"end":{"line":26,"column":7}},"type":"if","locations":[{"start":{"line":20,"column":6},"end":{"line":26,"column":7}},{"start":{"line":20,"column":6},"end":{"line":26,"column":7}}],"line":20},"3":{"loc":{"start":{"line":20,"column":10},"end":{"line":20,"column":52}},"type":"binary-expr","locations":[{"start":{"line":20,"column":10},"end":{"line":20,"column":29}},{"start":{"line":20,"column":33},"end":{"line":20,"column":52}}],"line":20},"4":{"loc":{"start":{"line":22,"column":13},"end":{"line":26,"column":7}},"type":"if","locations":[{"start":{"line":22,"column":13},"end":{"line":26,"column":7}},{"start":{"line":22,"column":13},"end":{"line":26,"column":7}}],"line":22},"5":{"loc":{"start":{"line":22,"column":17},"end":{"line":22,"column":59}},"type":"binary-expr","locations":[{"start":{"line":22,"column":17},"end":{"line":22,"column":36}},{"start":{"line":22,"column":40},"end":{"line":22,"column":59}}],"line":22}},"s":{"0":1,"1":0,"2":0,"3":0,"4":0,"5":0,"6":0,"7":0,"8":0,"9":0,"10":0,"11":0,"12":0,"13":0,"14":0,"15":0,"16":0,"17":0,"18":0,"19":0,"20":0},"f":{"0":0,"1":0},"b":{"0":[0,0],"1":[0,0],"2":[0,0],"3":[0,0],"4":[0,0],"5":[0,0]},"_coverageSchema":"43e27e138ebf9cfc5966b082cf9a028302ed4184","hash":"86ac0526b4f1096fa28ac128108a96f98e79e550"}
}
