TN:
SF:/Users/jorge/Desktop/SCL014-cipher/src/cipher.js
FN:2,(anonymous_0)
FN:15,(anonymous_1)
FNF:2
FNH:2
FNDA:1,(anonymous_0)
FNDA:1,(anonymous_1)
DA:1,1
DA:3,1
DA:4,1
DA:5,1
DA:6,26
DA:7,26
DA:8,26
DA:10,0
DA:13,1
DA:16,1
DA:17,1
DA:18,1
DA:19,26
DA:20,26
DA:21,19
DA:22,7
DA:23,7
DA:25,0
DA:28,1
LF:19
LH:17
BRDA:7,0,0,26
BRDA:7,0,1,0
BRDA:7,1,0,26
BRDA:7,1,1,26
BRDA:20,2,0,19
BRDA:20,2,1,7
BRDA:20,3,0,26
BRDA:20,3,1,26
BRDA:22,4,0,7
BRDA:22,4,1,0
BRDA:22,5,0,7
BRDA:22,5,1,7
BRF:12
BRH:10
end_of_record
